<?xml version="1.0" encoding="UTF-8"?>
<!-- Generated by org.testng.reporters.JUnitReportReporter -->
<testsuite hostname="chaitanya" failures="0" tests="2" name="chaitanyaacademy.RESTAPITest" time="0.001" errors="0" timestamp="3 Apr 2020 10:41:18 GMT">
  <testcase classname="chaitanyaacademy.RESTAPITest" name="deleteTwitter" time="0.000"/>
  <testcase classname="chaitanyaacademy.RESTAPITest" name="postJira" time="0.001"/>
</testsuite>
