<?xml version="1.0" encoding="UTF-8"?>
<!-- Generated by org.testng.reporters.JUnitReportReporter -->
<testsuite hostname="chaitanya" failures="0" tests="2" name="chaitanyaacademy.SeleniumTest" time="0.002" errors="0" timestamp="3 Apr 2020 10:41:18 GMT">
  <testcase classname="chaitanyaacademy.SeleniumTest" name="browserAutomation" time="0.002"/>
  <testcase classname="chaitanyaacademy.SeleniumTest" name="elementsUI" time="0.000"/>
</testsuite>
