<?xml version="1.0" encoding="UTF-8"?>
<!-- Generated by org.testng.reporters.JUnitReportReporter -->
<testsuite hostname="chaitanya" failures="0" tests="2" name="chaitanyaacademy.AppiumTest" time="0.010" errors="0" timestamp="3 Apr 2020 10:41:18 GMT">
  <testcase classname="chaitanyaacademy.AppiumTest" name="iosApps" time="0.010"/>
  <testcase classname="chaitanyaacademy.AppiumTest" name="relativeAppAndroid" time="0.000"/>
</testsuite>
